c:\src\unreal\swfmod\src\release\swfmoddebug.obj
c:\src\unreal\swfmod\src\release\swfmodregister.obj
c:\src\unreal\swfmod\src\release\swfmod.obj
c:\src\unreal\swfmod\src\release\swfmodplay.obj
c:\src\unreal\swfmod\src\release\swfmodgeometry.obj
c:\src\unreal\swfmod\src\release\swfmodtostr.obj
c:\src\unreal\swfmod\src\release\swfmodcanvas.obj
c:\src\unreal\swfmod\src\release\swfmodupdate.obj
c:\src\unreal\swfmod\src\release\vc143.pdb
c:\src\unreal\system64\swfmod.dll
c:\src\unreal\buildtmp\x64debug\swfmod.pdb
c:\src\unreal\buildtmp\x64debug\swfmod.lib
c:\src\unreal\buildtmp\x64debug\swfmod.exp
c:\src\unreal\swfmod\src\x64\debug\swfmod.res
c:\src\unreal\swfmod\src\x64\debug\swfmod.tlog\cl.10880.write.1.tlog
c:\src\unreal\swfmod\src\x64\debug\swfmod.tlog\cl.command.1.tlog
c:\src\unreal\swfmod\src\x64\debug\swfmod.tlog\cl.read.1.tlog
c:\src\unreal\swfmod\src\x64\debug\swfmod.tlog\link.command.1.tlog
c:\src\unreal\swfmod\src\x64\debug\swfmod.tlog\link.read.1.tlog
c:\src\unreal\swfmod\src\x64\debug\swfmod.tlog\link.write.1.tlog
c:\src\unreal\swfmod\src\x64\debug\swfmod.tlog\link.write.2u.tlog
c:\src\unreal\swfmod\src\x64\debug\swfmod.tlog\rc.command.1.tlog
c:\src\unreal\swfmod\src\x64\debug\swfmod.tlog\rc.read.1.tlog
c:\src\unreal\swfmod\src\x64\debug\swfmod.tlog\rc.write.1.tlog
