c:\src\unreal\swfmod\src\swfmod.obj
c:\src\unreal\swfmod\src\swfmodtostr.obj
c:\src\unreal\swfmod\src\swfmodgeometry.obj
c:\src\unreal\swfmod\src\swfmodplay.obj
c:\src\unreal\swfmod\src\swfmoddebug.obj
c:\src\unreal\swfmod\src\swfmodupdate.obj
c:\src\unreal\swfmod\src\swfmodcanvas.obj
c:\src\unreal\swfmod\src\swfmodregister.obj
c:\src\unreal\system64\swfmod.ilk
c:\src\unreal\system64\swfmod.dll
c:\src\unreal\buildtmp\x64release\swfmod.pdb
c:\src\unreal\buildtmp\x64release\swfmod.lib
c:\src\unreal\buildtmp\x64release\swfmod.exp
c:\src\unreal\swfmod\src\x64\release\swfmod.res
c:\src\unreal\swfmod\src\x64\release\swfmod.tlog\cl.4400.write.1.tlog
c:\src\unreal\swfmod\src\x64\release\swfmod.tlog\cl.command.1.tlog
c:\src\unreal\swfmod\src\x64\release\swfmod.tlog\cl.items.tlog
c:\src\unreal\swfmod\src\x64\release\swfmod.tlog\cl.read.1.tlog
c:\src\unreal\swfmod\src\x64\release\swfmod.tlog\link.command.1.tlog
c:\src\unreal\swfmod\src\x64\release\swfmod.tlog\link.read.1.tlog
c:\src\unreal\swfmod\src\x64\release\swfmod.tlog\link.write.1.tlog
c:\src\unreal\swfmod\src\x64\release\swfmod.tlog\link.write.2u.tlog
c:\src\unreal\swfmod\src\x64\release\swfmod.tlog\rc.command.1.tlog
c:\src\unreal\swfmod\src\x64\release\swfmod.tlog\rc.read.1.tlog
c:\src\unreal\swfmod\src\x64\release\swfmod.tlog\rc.write.1.tlog
