c:\src\unreal\swfmod\src\swfmodgeometry.obj
c:\src\unreal\swfmod\src\swfmodregister.obj
c:\src\unreal\swfmod\src\swfmoddebug.obj
c:\src\unreal\swfmod\src\swfmodtostr.obj
c:\src\unreal\swfmod\src\swfmod.obj
c:\src\unreal\swfmod\src\swfmodupdate.obj
c:\src\unreal\swfmod\src\swfmodcanvas.obj
c:\src\unreal\swfmod\src\swfmodplay.obj
c:\src\unreal\system\swfmod.dll
c:\src\unreal\buildtmp\win32release\swfmod.pdb
c:\src\unreal\swfmod\src\win32\release\swfmod.res
c:\src\unreal\buildtmp\win32release\swfmod.lib
c:\src\unreal\buildtmp\win32release\swfmod.exp
c:\src\unreal\system\swfmod.ilk
c:\src\unreal\swfmod\src\win32\release\swfmod.tlog\cl.10720.write.1.tlog
c:\src\unreal\swfmod\src\win32\release\swfmod.tlog\cl.command.1.tlog
c:\src\unreal\swfmod\src\win32\release\swfmod.tlog\cl.items.tlog
c:\src\unreal\swfmod\src\win32\release\swfmod.tlog\cl.read.1.tlog
c:\src\unreal\swfmod\src\win32\release\swfmod.tlog\link.command.1.tlog
c:\src\unreal\swfmod\src\win32\release\swfmod.tlog\link.read.1.tlog
c:\src\unreal\swfmod\src\win32\release\swfmod.tlog\link.secondary.1.tlog
c:\src\unreal\swfmod\src\win32\release\swfmod.tlog\link.write.1.tlog
c:\src\unreal\swfmod\src\win32\release\swfmod.tlog\rc.command.1.tlog
c:\src\unreal\swfmod\src\win32\release\swfmod.tlog\rc.read.1.tlog
c:\src\unreal\swfmod\src\win32\release\swfmod.tlog\rc.write.1.tlog
