c:\src\unreal\swfmod\src\release\swfmodgeometry.obj
c:\src\unreal\swfmod\src\release\swfmodregister.obj
c:\src\unreal\swfmod\src\release\swfmoddebug.obj
c:\src\unreal\swfmod\src\release\swfmodplay.obj
c:\src\unreal\swfmod\src\release\swfmod.obj
c:\src\unreal\swfmod\src\release\swfmodupdate.obj
c:\src\unreal\swfmod\src\release\swfmodcanvas.obj
c:\src\unreal\swfmod\src\release\swfmodtostr.obj
c:\src\unreal\swfmod\src\release\vc142.pdb
c:\src\unreal\system\swfmod.dll
c:\src\unreal\swfmod\src\release\swfmod.res
c:\src\unreal\build\win32release\swfmod.lib
c:\src\unreal\build\win32release\swfmod.exp
c:\src\unreal\swfmod\src\release\swfmod.tlog\cl.10420.write.1.tlog
c:\src\unreal\swfmod\src\release\swfmod.tlog\cl.command.1.tlog
c:\src\unreal\swfmod\src\release\swfmod.tlog\cl.read.1.tlog
c:\src\unreal\swfmod\src\release\swfmod.tlog\link.command.1.tlog
c:\src\unreal\swfmod\src\release\swfmod.tlog\link.read.1.tlog
c:\src\unreal\swfmod\src\release\swfmod.tlog\link.write.1.tlog
c:\src\unreal\swfmod\src\release\swfmod.tlog\rc.command.1.tlog
c:\src\unreal\swfmod\src\release\swfmod.tlog\rc.read.1.tlog
c:\src\unreal\swfmod\src\release\swfmod.tlog\rc.write.1.tlog
c:\src\unreal\swfmod\src\release\swfmod.tlog\swfmod.write.1u.tlog
